2025-08-25 12:35:48,277 - INFO - ============================================================
2025-08-25 12:35:48,280 - INFO - ============================================================
2025-08-25 12:35:48,280 - INFO - 
1. Connecting to PostgreSQL...
2025-08-25 12:35:48,445 - INFO - PostgreSQL version: PostgreSQL 17.5 on x86_64-windows, compiled by msvc-19.44.35209, 64-bit
2025-08-25 12:35:48,456 - INFO - Tables found: ['bike_trips', 'station_hourly_flow', 'data_quality_log', 'bike_availability_hourly', 'raw_bike_trips', 'station_master', 'weather_hourly', 'rental_station_mapping']
2025-08-25 12:35:48,575 - ERROR - Error ensuring net_flow column: Not an executable object: '\n                UPDATE station_hourly_flow \n                SET net_flow = bikes_arrived - bikes_departed\n                WHERE net_flow IS NULL\n            '
2025-08-25 12:40:00,966 - INFO - ============================================================
2025-08-25 12:40:00,966 - INFO - AUGUST 2025 TRIP DATA PROCESSOR
2025-08-25 12:40:00,967 - INFO - ============================================================
2025-08-25 12:40:00,967 - INFO - 
1. Connecting to PostgreSQL...
2025-08-25 12:40:01,105 - INFO - PostgreSQL version: PostgreSQL 17.5 on x86_64-windows, compiled by msvc-19.44.35209, 64-bit
2025-08-25 12:40:01,110 - INFO - Tables found: ['bike_trips', 'station_hourly_flow', 'data_quality_log', 'bike_availability_hourly', 'raw_bike_trips', 'station_master', 'weather_hourly', 'rental_station_mapping']
2025-08-25 12:40:01,131 - INFO - [SUCCESS] net_flow column already exists
2025-08-25 12:40:01,137 - ERROR - Error ensuring net_flow column: (psycopg2.errors.GeneratedAlways) column "net_flow" can only be updated to DEFAULT
DETAIL:  Column "net_flow" is a generated column.

[SQL: 
                UPDATE station_hourly_flow 
                SET net_flow = bikes_arrived - bikes_departed
                WHERE net_flow IS NULL
            ]
(Background on this error at: https://sqlalche.me/e/20/f405)
2025-08-25 12:40:07,287 - INFO - ============================================================
2025-08-25 12:40:07,288 - INFO - AUGUST 2025 TRIP DATA PROCESSOR
2025-08-25 12:40:07,288 - INFO - ============================================================
2025-08-25 12:40:07,288 - INFO - 
1. Connecting to PostgreSQL...
2025-08-25 12:40:07,420 - INFO - PostgreSQL version: PostgreSQL 17.5 on x86_64-windows, compiled by msvc-19.44.35209, 64-bit
2025-08-25 12:40:07,425 - INFO - Tables found: ['bike_trips', 'station_hourly_flow', 'data_quality_log', 'bike_availability_hourly', 'raw_bike_trips', 'station_master', 'weather_hourly', 'rental_station_mapping']
2025-08-25 12:40:07,447 - INFO - [SUCCESS] net_flow column already exists
2025-08-25 12:40:07,449 - ERROR - Error ensuring net_flow column: (psycopg2.errors.GeneratedAlways) column "net_flow" can only be updated to DEFAULT
DETAIL:  Column "net_flow" is a generated column.

[SQL: 
                UPDATE station_hourly_flow 
                SET net_flow = bikes_arrived - bikes_departed
                WHERE net_flow IS NULL
            ]
(Background on this error at: https://sqlalche.me/e/20/f405)
2025-08-25 12:41:56,990 - INFO - ============================================================
2025-08-25 12:41:56,990 - INFO - AUGUST 2025 TRIP DATA PROCESSOR
2025-08-25 12:41:56,990 - INFO - ============================================================
2025-08-25 12:41:56,991 - INFO - 
1. Connecting to PostgreSQL...
2025-08-25 12:41:57,154 - INFO - PostgreSQL version: PostgreSQL 17.5 on x86_64-windows, compiled by msvc-19.44.35209, 64-bit
2025-08-25 12:41:57,160 - INFO - Tables found: ['bike_trips', 'station_hourly_flow', 'data_quality_log', 'bike_availability_hourly', 'raw_bike_trips', 'station_master', 'weather_hourly', 'rental_station_mapping']
2025-08-25 12:41:57,186 - INFO - [SUCCESS] net_flow is already a GENERATED column (auto-calculated)
2025-08-25 12:41:57,186 - INFO - 
2. Initializing data cleaner...
2025-08-25 12:41:57,189 - WARNING - 
[WARNING] No August 2025 files found!
2025-08-25 12:41:57,189 - INFO - Please place your files in one of these locations:
2025-08-25 12:41:57,190 - INFO -   - bike_historical_data/2025_08/
2025-08-25 12:41:57,190 - INFO -   - bike_historical_data/Y2025/2025_08/
2025-08-25 12:41:57,190 - INFO -   - bike_historical_data/202508/
2025-08-25 12:41:57,190 - INFO -   - .
2025-08-25 12:41:57,190 - INFO - Files should match pattern: tpss_bcycl_od_statnhm_202508*.csv
2025-08-25 12:43:16,404 - INFO - ============================================================
2025-08-25 12:43:16,404 - INFO - AUGUST 2025 TRIP DATA PROCESSOR
2025-08-25 12:43:16,404 - INFO - ============================================================
2025-08-25 12:43:16,405 - INFO - 
1. Connecting to PostgreSQL...
2025-08-25 12:43:16,570 - INFO - PostgreSQL version: PostgreSQL 17.5 on x86_64-windows, compiled by msvc-19.44.35209, 64-bit
2025-08-25 12:43:16,575 - INFO - Tables found: ['bike_trips', 'station_hourly_flow', 'data_quality_log', 'bike_availability_hourly', 'raw_bike_trips', 'station_master', 'weather_hourly', 'rental_station_mapping']
2025-08-25 12:43:16,597 - INFO - [SUCCESS] net_flow is already a GENERATED column (auto-calculated)
2025-08-25 12:43:16,597 - INFO - 
2. Initializing data cleaner...
2025-08-25 12:43:16,599 - INFO - 
3. Found 19 files to process:
2025-08-25 12:43:16,599 - INFO -   - tpss_bcycl_od_statnhm_20250801.csv
2025-08-25 12:43:16,600 - INFO -   - tpss_bcycl_od_statnhm_20250802.csv
2025-08-25 12:43:16,600 - INFO -   - tpss_bcycl_od_statnhm_20250803.csv
2025-08-25 12:43:16,600 - INFO -   - tpss_bcycl_od_statnhm_20250804.csv
2025-08-25 12:43:16,601 - INFO -   - tpss_bcycl_od_statnhm_20250805.csv
2025-08-25 12:43:16,601 - INFO -   - tpss_bcycl_od_statnhm_20250806.csv
2025-08-25 12:43:16,601 - INFO -   - tpss_bcycl_od_statnhm_20250807.csv
2025-08-25 12:43:16,602 - INFO -   - tpss_bcycl_od_statnhm_20250808.csv
2025-08-25 12:43:16,602 - INFO -   - tpss_bcycl_od_statnhm_20250809.csv
2025-08-25 12:43:16,602 - INFO -   - tpss_bcycl_od_statnhm_20250810.csv
2025-08-25 12:43:16,602 - INFO -   - tpss_bcycl_od_statnhm_20250811.csv
2025-08-25 12:43:16,603 - INFO -   - tpss_bcycl_od_statnhm_20250812.csv
2025-08-25 12:43:16,603 - INFO -   - tpss_bcycl_od_statnhm_20250813.csv
2025-08-25 12:43:16,603 - INFO -   - tpss_bcycl_od_statnhm_20250814.csv
2025-08-25 12:43:16,603 - INFO -   - tpss_bcycl_od_statnhm_20250815.csv
2025-08-25 12:43:16,604 - INFO -   - tpss_bcycl_od_statnhm_20250816.csv
2025-08-25 12:43:16,604 - INFO -   - tpss_bcycl_od_statnhm_20250817.csv
2025-08-25 12:43:16,604 - INFO -   - tpss_bcycl_od_statnhm_20250818.csv
2025-08-25 12:43:16,604 - INFO -   - tpss_bcycl_od_statnhm_20250819.csv
2025-08-25 12:43:16,604 - INFO - 
4. Checking existing data in database...
2025-08-25 12:43:17,868 - INFO -   No existing August 2025 data found
2025-08-25 12:43:17,868 - INFO - 
5. Processing files...
2025-08-25 12:43:17,868 - INFO - 
[1/19] Processing tpss_bcycl_od_statnhm_20250801.csv...
2025-08-25 12:43:17,869 - INFO - 
============================================================
2025-08-25 12:43:17,869 - INFO - Processing: tpss_bcycl_od_statnhm_20250801.csv
2025-08-25 12:43:17,869 - INFO - ============================================================
2025-08-25 12:43:18,960 - INFO - 
        Cleaning complete for 2025-08-01:
        - Initial rows: 235,148
        - Final rows: 235,148
        - Removed: 0 (0.0%)
        - Processing time: 0.70 seconds
        
2025-08-25 12:43:19,031 - WARNING - Data quality issues: Found 28 trips longer than 8 hours
2025-08-25 12:43:19,032 - INFO - Loading raw trip data to PostgreSQL...
2025-08-25 12:43:32,441 - INFO -   Loaded 50,000/235,148 rows...
2025-08-25 12:43:45,162 - INFO -   Loaded 100,000/235,148 rows...
2025-08-25 12:43:57,514 - INFO -   Loaded 150,000/235,148 rows...
2025-08-25 12:44:10,159 - INFO -   Loaded 200,000/235,148 rows...
2025-08-25 12:44:19,152 - INFO -   Loaded 235,148/235,148 rows...
2025-08-25 12:44:19,153 - INFO - Creating hourly flow aggregations...
2025-08-25 12:44:19,153 - INFO - Starting hourly aggregation...
2025-08-25 12:44:19,440 - INFO - Created 48,039 hourly flow records
2025-08-25 12:44:30,120 - INFO -   [SUCCESS] Successfully processed tpss_bcycl_od_statnhm_20250801.csv
2025-08-25 12:44:30,120 - INFO - 
[2/19] Processing tpss_bcycl_od_statnhm_20250802.csv...
2025-08-25 12:44:30,120 - INFO - 
============================================================
2025-08-25 12:44:30,121 - INFO - Processing: tpss_bcycl_od_statnhm_20250802.csv
2025-08-25 12:44:30,121 - INFO - ============================================================
2025-08-25 12:44:30,864 - INFO - 
        Cleaning complete for 2025-08-02:
        - Initial rows: 175,977
        - Final rows: 175,977
        - Removed: 0 (0.0%)
        - Processing time: 0.47 seconds
        
2025-08-25 12:44:30,915 - WARNING - Data quality issues: Found 27 trips longer than 8 hours
2025-08-25 12:44:30,916 - INFO - Loading raw trip data to PostgreSQL...
2025-08-25 12:44:43,449 - INFO -   Loaded 50,000/175,977 rows...
2025-08-25 12:44:56,723 - INFO -   Loaded 100,000/175,977 rows...
2025-08-25 12:45:10,041 - INFO -   Loaded 150,000/175,977 rows...
2025-08-25 12:45:16,346 - INFO -   Loaded 175,977/175,977 rows...
2025-08-25 12:45:16,346 - INFO - Creating hourly flow aggregations...
2025-08-25 12:45:16,347 - INFO - Starting hourly aggregation...
2025-08-25 12:45:16,544 - INFO - Created 46,038 hourly flow records
2025-08-25 12:45:25,705 - INFO -   [SUCCESS] Successfully processed tpss_bcycl_od_statnhm_20250802.csv
2025-08-25 12:45:25,706 - INFO - 
[3/19] Processing tpss_bcycl_od_statnhm_20250803.csv...
2025-08-25 12:45:25,706 - INFO - 
============================================================
2025-08-25 12:45:25,706 - INFO - Processing: tpss_bcycl_od_statnhm_20250803.csv
2025-08-25 12:45:25,707 - INFO - ============================================================
2025-08-25 12:45:26,273 - INFO - 
        Cleaning complete for 2025-08-03:
        - Initial rows: 132,438
        - Final rows: 132,438
        - Removed: 0 (0.0%)
        - Processing time: 0.36 seconds
        
2025-08-25 12:45:26,311 - WARNING - Data quality issues: Found 40 trips longer than 8 hours
2025-08-25 12:45:26,312 - INFO - Loading raw trip data to PostgreSQL...
2025-08-25 12:45:39,366 - INFO -   Loaded 50,000/132,438 rows...
2025-08-25 12:45:52,153 - INFO -   Loaded 100,000/132,438 rows...
2025-08-25 12:46:00,027 - INFO -   Loaded 132,438/132,438 rows...
2025-08-25 12:46:00,027 - INFO - Creating hourly flow aggregations...
2025-08-25 12:46:00,028 - INFO - Starting hourly aggregation...
2025-08-25 12:46:00,206 - INFO - Created 41,190 hourly flow records
2025-08-25 12:46:07,449 - INFO -   [SUCCESS] Successfully processed tpss_bcycl_od_statnhm_20250803.csv
2025-08-25 12:46:07,449 - INFO - 
[4/19] Processing tpss_bcycl_od_statnhm_20250804.csv...
2025-08-25 12:46:07,450 - INFO - 
============================================================
2025-08-25 12:46:07,450 - INFO - Processing: tpss_bcycl_od_statnhm_20250804.csv
2025-08-25 12:46:07,450 - INFO - ============================================================
2025-08-25 12:46:08,390 - INFO - 
        Cleaning complete for 2025-08-04:
        - Initial rows: 227,872
        - Final rows: 227,872
        - Removed: 0 (0.0%)
        - Processing time: 0.61 seconds
        
2025-08-25 12:46:08,457 - WARNING - Data quality issues: Found 25 trips longer than 8 hours
2025-08-25 12:46:08,457 - INFO - Loading raw trip data to PostgreSQL...
2025-08-25 12:46:21,011 - INFO -   Loaded 50,000/227,872 rows...
2025-08-25 12:46:34,091 - INFO -   Loaded 100,000/227,872 rows...
2025-08-25 12:46:47,562 - INFO -   Loaded 150,000/227,872 rows...
2025-08-25 12:47:00,253 - INFO -   Loaded 200,000/227,872 rows...
2025-08-25 12:47:06,957 - INFO -   Loaded 227,872/227,872 rows...
2025-08-25 12:47:06,958 - INFO - Creating hourly flow aggregations...
2025-08-25 12:47:06,958 - INFO - Starting hourly aggregation...
2025-08-25 12:47:07,171 - INFO - Created 43,666 hourly flow records
2025-08-25 12:47:14,815 - INFO -   [SUCCESS] Successfully processed tpss_bcycl_od_statnhm_20250804.csv
2025-08-25 12:47:14,816 - INFO - 
[5/19] Processing tpss_bcycl_od_statnhm_20250805.csv...
2025-08-25 12:47:14,816 - INFO - 
============================================================
2025-08-25 12:47:14,816 - INFO - Processing: tpss_bcycl_od_statnhm_20250805.csv
2025-08-25 12:47:14,817 - INFO - ============================================================
2025-08-25 12:47:15,929 - INFO - 
        Cleaning complete for 2025-08-05:
        - Initial rows: 259,264
        - Final rows: 259,264
        - Removed: 0 (0.0%)
        - Processing time: 0.72 seconds
        
2025-08-25 12:47:16,017 - WARNING - Data quality issues: Found 33 trips longer than 8 hours
2025-08-25 12:47:16,018 - INFO - Loading raw trip data to PostgreSQL...
2025-08-25 12:47:29,186 - INFO -   Loaded 50,000/259,264 rows...
2025-08-25 12:47:42,481 - INFO -   Loaded 100,000/259,264 rows...
2025-08-25 12:47:55,700 - INFO -   Loaded 150,000/259,264 rows...
2025-08-25 12:48:08,704 - INFO -   Loaded 200,000/259,264 rows...
2025-08-25 12:48:21,431 - INFO -   Loaded 250,000/259,264 rows...
2025-08-25 12:48:23,613 - INFO -   Loaded 259,264/259,264 rows...
2025-08-25 12:48:23,614 - INFO - Creating hourly flow aggregations...
2025-08-25 12:48:23,614 - INFO - Starting hourly aggregation...
2025-08-25 12:48:23,911 - INFO - Created 48,872 hourly flow records
2025-08-25 12:48:33,617 - INFO -   [SUCCESS] Successfully processed tpss_bcycl_od_statnhm_20250805.csv
2025-08-25 12:48:33,617 - INFO - 
[6/19] Processing tpss_bcycl_od_statnhm_20250806.csv...
2025-08-25 12:48:33,618 - INFO - 
============================================================
2025-08-25 12:48:33,618 - INFO - Processing: tpss_bcycl_od_statnhm_20250806.csv
2025-08-25 12:48:33,618 - INFO - ============================================================
2025-08-25 12:48:34,289 - INFO - 
        Cleaning complete for 2025-08-06:
        - Initial rows: 160,991
        - Final rows: 160,991
        - Removed: 0 (0.0%)
        - Processing time: 0.44 seconds
        
2025-08-25 12:48:34,337 - WARNING - Data quality issues: Found 30 trips longer than 8 hours
2025-08-25 12:48:34,337 - INFO - Loading raw trip data to PostgreSQL...
2025-08-25 12:48:47,713 - INFO -   Loaded 50,000/160,991 rows...
2025-08-25 12:49:00,202 - INFO -   Loaded 100,000/160,991 rows...
2025-08-25 12:49:30,543 - INFO -   Loaded 150,000/160,991 rows...
2025-08-25 12:49:36,876 - INFO -   Loaded 160,991/160,991 rows...
2025-08-25 12:49:36,877 - INFO - Creating hourly flow aggregations...
2025-08-25 12:49:36,877 - INFO - Starting hourly aggregation...
2025-08-25 12:49:37,296 - INFO - Created 39,717 hourly flow records
2025-08-25 12:49:53,661 - INFO -   [SUCCESS] Successfully processed tpss_bcycl_od_statnhm_20250806.csv
2025-08-25 12:49:53,662 - INFO - 
[7/19] Processing tpss_bcycl_od_statnhm_20250807.csv...
2025-08-25 12:49:53,663 - INFO - 
============================================================
2025-08-25 12:49:53,663 - INFO - Processing: tpss_bcycl_od_statnhm_20250807.csv
2025-08-25 12:49:53,664 - INFO - ============================================================
2025-08-25 12:49:56,013 - INFO - 
        Cleaning complete for 2025-08-07:
        - Initial rows: 258,856
        - Final rows: 258,856
        - Removed: 0 (0.0%)
        - Processing time: 1.57 seconds
        
2025-08-25 12:49:56,184 - WARNING - Data quality issues: Found 47 trips longer than 8 hours
2025-08-25 12:49:56,185 - INFO - Loading raw trip data to PostgreSQL...
2025-08-25 12:50:24,312 - INFO -   Loaded 50,000/258,856 rows...
2025-08-25 12:50:52,698 - INFO -   Loaded 100,000/258,856 rows...
2025-08-25 12:51:16,364 - INFO -   Loaded 150,000/258,856 rows...
2025-08-25 12:51:36,005 - INFO -   Loaded 200,000/258,856 rows...
2025-08-25 12:51:56,152 - INFO -   Loaded 250,000/258,856 rows...
2025-08-25 12:51:59,833 - INFO -   Loaded 258,856/258,856 rows...
2025-08-25 12:51:59,833 - INFO - Creating hourly flow aggregations...
2025-08-25 12:51:59,834 - INFO - Starting hourly aggregation...
2025-08-25 12:52:00,263 - INFO - Created 48,703 hourly flow records
2025-08-25 12:52:12,916 - INFO -   [SUCCESS] Successfully processed tpss_bcycl_od_statnhm_20250807.csv
2025-08-25 12:52:12,917 - INFO - 
[8/19] Processing tpss_bcycl_od_statnhm_20250808.csv...
2025-08-25 12:52:12,917 - INFO - 
============================================================
2025-08-25 12:52:12,918 - INFO - Processing: tpss_bcycl_od_statnhm_20250808.csv
2025-08-25 12:52:12,918 - INFO - ============================================================
2025-08-25 12:52:14,856 - INFO - 
        Cleaning complete for 2025-08-08:
        - Initial rows: 264,982
        - Final rows: 264,982
        - Removed: 0 (0.0%)
        - Processing time: 1.32 seconds
        
2025-08-25 12:52:14,990 - WARNING - Data quality issues: Found 29 trips longer than 8 hours
2025-08-25 12:52:14,991 - INFO - Loading raw trip data to PostgreSQL...
2025-08-25 12:52:34,596 - INFO -   Loaded 50,000/264,982 rows...
2025-08-25 12:52:52,339 - INFO -   Loaded 100,000/264,982 rows...
2025-08-25 12:53:07,606 - INFO -   Loaded 150,000/264,982 rows...
2025-08-25 12:53:20,410 - INFO -   Loaded 200,000/264,982 rows...
2025-08-25 12:53:33,793 - INFO -   Loaded 250,000/264,982 rows...
2025-08-25 12:53:37,542 - INFO -   Loaded 264,982/264,982 rows...
2025-08-25 12:53:37,542 - INFO - Creating hourly flow aggregations...
2025-08-25 12:53:37,543 - INFO - Starting hourly aggregation...
2025-08-25 12:53:37,817 - INFO - Created 49,422 hourly flow records
2025-08-25 12:53:46,873 - INFO -   [SUCCESS] Successfully processed tpss_bcycl_od_statnhm_20250808.csv
2025-08-25 12:53:46,874 - INFO - 
[9/19] Processing tpss_bcycl_od_statnhm_20250809.csv...
2025-08-25 12:53:46,874 - INFO - 
============================================================
2025-08-25 12:53:46,875 - INFO - Processing: tpss_bcycl_od_statnhm_20250809.csv
2025-08-25 12:53:46,875 - INFO - ============================================================
2025-08-25 12:53:47,638 - INFO - 
        Cleaning complete for 2025-08-09:
        - Initial rows: 180,655
        - Final rows: 180,655
        - Removed: 0 (0.0%)
        - Processing time: 0.49 seconds
        
2025-08-25 12:53:47,690 - WARNING - Data quality issues: Found 42 trips longer than 8 hours
2025-08-25 12:53:47,691 - INFO - Loading raw trip data to PostgreSQL...
2025-08-25 12:54:00,364 - INFO -   Loaded 50,000/180,655 rows...
2025-08-25 12:54:13,485 - INFO -   Loaded 100,000/180,655 rows...
2025-08-25 12:54:26,820 - INFO -   Loaded 150,000/180,655 rows...
2025-08-25 12:54:34,360 - INFO -   Loaded 180,655/180,655 rows...
2025-08-25 12:54:34,361 - INFO - Creating hourly flow aggregations...
2025-08-25 12:54:34,361 - INFO - Starting hourly aggregation...
2025-08-25 12:54:34,554 - INFO - Created 45,279 hourly flow records
2025-08-25 12:54:43,285 - INFO -   [SUCCESS] Successfully processed tpss_bcycl_od_statnhm_20250809.csv
2025-08-25 12:54:43,285 - INFO - 
[10/19] Processing tpss_bcycl_od_statnhm_20250810.csv...
2025-08-25 12:54:43,286 - INFO - 
============================================================
2025-08-25 12:54:43,286 - INFO - Processing: tpss_bcycl_od_statnhm_20250810.csv
2025-08-25 12:54:43,287 - INFO - ============================================================
2025-08-25 12:54:44,101 - INFO - 
        Cleaning complete for 2025-08-10:
        - Initial rows: 191,017
        - Final rows: 191,017
        - Removed: 0 (0.0%)
        - Processing time: 0.53 seconds
        
2025-08-25 12:54:44,154 - WARNING - Data quality issues: Found 70 trips longer than 8 hours
2025-08-25 12:54:44,155 - INFO - Loading raw trip data to PostgreSQL...
2025-08-25 12:54:57,053 - INFO -   Loaded 50,000/191,017 rows...
2025-08-25 12:55:10,706 - INFO -   Loaded 100,000/191,017 rows...
2025-08-25 12:55:23,964 - INFO -   Loaded 150,000/191,017 rows...
2025-08-25 12:55:34,569 - INFO -   Loaded 191,017/191,017 rows...
2025-08-25 12:55:34,569 - INFO - Creating hourly flow aggregations...
2025-08-25 12:55:34,570 - INFO - Starting hourly aggregation...
2025-08-25 12:55:34,777 - INFO - Created 46,306 hourly flow records
2025-08-25 12:55:43,512 - INFO -   [SUCCESS] Successfully processed tpss_bcycl_od_statnhm_20250810.csv
2025-08-25 12:55:43,512 - INFO - 
[11/19] Processing tpss_bcycl_od_statnhm_20250811.csv...
2025-08-25 12:55:43,513 - INFO - 
============================================================
2025-08-25 12:55:43,513 - INFO - Processing: tpss_bcycl_od_statnhm_20250811.csv
2025-08-25 12:55:43,513 - INFO - ============================================================
2025-08-25 12:55:44,673 - INFO - 
        Cleaning complete for 2025-08-11:
        - Initial rows: 277,296
        - Final rows: 277,296
        - Removed: 0 (0.0%)
        - Processing time: 0.77 seconds
        
2025-08-25 12:55:44,753 - WARNING - Data quality issues: Found 28 trips longer than 8 hours
2025-08-25 12:55:44,754 - INFO - Loading raw trip data to PostgreSQL...
2025-08-25 12:55:57,583 - INFO -   Loaded 50,000/277,296 rows...
2025-08-25 12:56:10,729 - INFO -   Loaded 100,000/277,296 rows...
2025-08-25 12:56:23,986 - INFO -   Loaded 150,000/277,296 rows...
2025-08-25 12:56:37,281 - INFO -   Loaded 200,000/277,296 rows...
2025-08-25 12:56:52,761 - INFO -   Loaded 250,000/277,296 rows...
2025-08-25 12:57:01,740 - INFO -   Loaded 277,296/277,296 rows...
2025-08-25 12:57:01,741 - INFO - Creating hourly flow aggregations...
2025-08-25 12:57:01,741 - INFO - Starting hourly aggregation...
2025-08-25 12:57:02,061 - INFO - Created 48,897 hourly flow records
2025-08-25 12:57:13,744 - INFO -   [SUCCESS] Successfully processed tpss_bcycl_od_statnhm_20250811.csv
2025-08-25 12:57:13,744 - INFO - 
[12/19] Processing tpss_bcycl_od_statnhm_20250812.csv...
2025-08-25 12:57:13,745 - INFO - 
============================================================
2025-08-25 12:57:13,745 - INFO - Processing: tpss_bcycl_od_statnhm_20250812.csv
2025-08-25 12:57:13,746 - INFO - ============================================================
2025-08-25 12:57:15,286 - INFO - 
        Cleaning complete for 2025-08-12:
        - Initial rows: 277,956
        - Final rows: 277,956
        - Removed: 0 (0.0%)
        - Processing time: 1.03 seconds
        
2025-08-25 12:57:15,392 - WARNING - Data quality issues: Found 30 trips longer than 8 hours
2025-08-25 12:57:15,393 - INFO - Loading raw trip data to PostgreSQL...
2025-08-25 12:57:32,625 - INFO -   Loaded 50,000/277,956 rows...
2025-08-25 12:57:47,159 - INFO -   Loaded 100,000/277,956 rows...
2025-08-25 12:58:00,723 - INFO -   Loaded 150,000/277,956 rows...
2025-08-25 12:58:13,361 - INFO -   Loaded 200,000/277,956 rows...
2025-08-25 12:58:26,114 - INFO -   Loaded 250,000/277,956 rows...
2025-08-25 12:58:33,589 - INFO -   Loaded 277,956/277,956 rows...
2025-08-25 12:58:33,589 - INFO - Creating hourly flow aggregations...
2025-08-25 12:58:33,590 - INFO - Starting hourly aggregation...
2025-08-25 12:58:33,844 - INFO - Created 49,416 hourly flow records
2025-08-25 12:58:43,197 - INFO -   [SUCCESS] Successfully processed tpss_bcycl_od_statnhm_20250812.csv
2025-08-25 12:58:43,197 - INFO - 
[13/19] Processing tpss_bcycl_od_statnhm_20250813.csv...
2025-08-25 12:58:43,198 - INFO - 
============================================================
2025-08-25 12:58:43,198 - INFO - Processing: tpss_bcycl_od_statnhm_20250813.csv
2025-08-25 12:58:43,198 - INFO - ============================================================
2025-08-25 12:58:43,436 - INFO - 
        Cleaning complete for 2025-08-13:
        - Initial rows: 50,131
        - Final rows: 50,131
        - Removed: 0 (0.0%)
        - Processing time: 0.15 seconds
        
2025-08-25 12:58:43,464 - WARNING - Data quality issues: Found 10 trips longer than 8 hours
2025-08-25 12:58:43,465 - INFO - Loading raw trip data to PostgreSQL...
2025-08-25 12:58:56,408 - INFO -   Loaded 50,000/50,131 rows...
2025-08-25 12:58:56,446 - INFO -   Loaded 50,131/50,131 rows...
2025-08-25 12:58:56,446 - INFO - Creating hourly flow aggregations...
2025-08-25 12:58:56,447 - INFO - Starting hourly aggregation...
2025-08-25 12:58:56,531 - INFO - Created 24,026 hourly flow records
2025-08-25 12:59:00,576 - INFO -   [SUCCESS] Successfully processed tpss_bcycl_od_statnhm_20250813.csv
2025-08-25 12:59:00,576 - INFO - 
[14/19] Processing tpss_bcycl_od_statnhm_20250814.csv...
2025-08-25 12:59:00,577 - INFO - 
============================================================
2025-08-25 12:59:00,577 - INFO - Processing: tpss_bcycl_od_statnhm_20250814.csv
2025-08-25 12:59:00,577 - INFO - ============================================================
2025-08-25 12:59:01,199 - INFO - 
        Cleaning complete for 2025-08-14:
        - Initial rows: 150,508
        - Final rows: 150,508
        - Removed: 0 (0.0%)
        - Processing time: 0.40 seconds
        
2025-08-25 12:59:01,244 - WARNING - Data quality issues: Found 6 trips longer than 8 hours
2025-08-25 12:59:01,245 - INFO - Loading raw trip data to PostgreSQL...
2025-08-25 12:59:14,388 - INFO -   Loaded 50,000/150,508 rows...
2025-08-25 12:59:27,429 - INFO -   Loaded 100,000/150,508 rows...
2025-08-25 12:59:40,297 - INFO -   Loaded 150,000/150,508 rows...
2025-08-25 12:59:40,423 - INFO -   Loaded 150,508/150,508 rows...
2025-08-25 12:59:40,423 - INFO - Creating hourly flow aggregations...
2025-08-25 12:59:40,424 - INFO - Starting hourly aggregation...
2025-08-25 12:59:40,585 - INFO - Created 35,247 hourly flow records
2025-08-25 12:59:48,364 - INFO -   [SUCCESS] Successfully processed tpss_bcycl_od_statnhm_20250814.csv
2025-08-25 12:59:48,365 - INFO - 
[15/19] Processing tpss_bcycl_od_statnhm_20250815.csv...
2025-08-25 12:59:48,365 - INFO - 
============================================================
2025-08-25 12:59:48,366 - INFO - Processing: tpss_bcycl_od_statnhm_20250815.csv
2025-08-25 12:59:48,366 - INFO - ============================================================
2025-08-25 12:59:49,042 - INFO - 
        Cleaning complete for 2025-08-15:
        - Initial rows: 163,918
        - Final rows: 163,918
        - Removed: 0 (0.0%)
        - Processing time: 0.44 seconds
        
2025-08-25 12:59:49,090 - WARNING - Data quality issues: Found 49 trips longer than 8 hours
2025-08-25 12:59:49,091 - INFO - Loading raw trip data to PostgreSQL...
2025-08-25 13:00:01,671 - INFO -   Loaded 50,000/163,918 rows...
2025-08-25 13:00:15,549 - INFO -   Loaded 100,000/163,918 rows...
2025-08-25 13:00:28,855 - INFO -   Loaded 150,000/163,918 rows...
2025-08-25 13:00:32,135 - INFO -   Loaded 163,918/163,918 rows...
2025-08-25 13:00:32,136 - INFO - Creating hourly flow aggregations...
2025-08-25 13:00:32,136 - INFO - Starting hourly aggregation...
2025-08-25 13:00:32,312 - INFO - Created 44,078 hourly flow records
2025-08-25 13:00:40,015 - INFO -   [SUCCESS] Successfully processed tpss_bcycl_od_statnhm_20250815.csv
2025-08-25 13:00:40,015 - INFO - 
[16/19] Processing tpss_bcycl_od_statnhm_20250816.csv...
2025-08-25 13:00:40,016 - INFO - 
============================================================
2025-08-25 13:00:40,016 - INFO - Processing: tpss_bcycl_od_statnhm_20250816.csv
2025-08-25 13:00:40,017 - INFO - ============================================================
2025-08-25 13:00:40,887 - INFO - 
        Cleaning complete for 2025-08-16:
        - Initial rows: 195,677
        - Final rows: 195,677
        - Removed: 0 (0.0%)
        - Processing time: 0.58 seconds
        
2025-08-25 13:00:40,945 - WARNING - Data quality issues: Found 38 trips longer than 8 hours
2025-08-25 13:00:40,945 - INFO - Loading raw trip data to PostgreSQL...
2025-08-25 13:00:55,258 - INFO -   Loaded 50,000/195,677 rows...
2025-08-25 13:01:08,702 - INFO -   Loaded 100,000/195,677 rows...
2025-08-25 13:01:21,680 - INFO -   Loaded 150,000/195,677 rows...
2025-08-25 13:01:34,148 - INFO -   Loaded 195,677/195,677 rows...
2025-08-25 13:01:34,148 - INFO - Creating hourly flow aggregations...
2025-08-25 13:01:34,149 - INFO - Starting hourly aggregation...
2025-08-25 13:01:34,371 - INFO - Created 46,513 hourly flow records
2025-08-25 13:01:43,115 - INFO -   [SUCCESS] Successfully processed tpss_bcycl_od_statnhm_20250816.csv
2025-08-25 13:01:43,116 - INFO - 
[17/19] Processing tpss_bcycl_od_statnhm_20250817.csv...
2025-08-25 13:01:43,116 - INFO - 
============================================================
2025-08-25 13:01:43,117 - INFO - Processing: tpss_bcycl_od_statnhm_20250817.csv
2025-08-25 13:01:43,117 - INFO - ============================================================
2025-08-25 13:01:43,885 - INFO - 
        Cleaning complete for 2025-08-17:
        - Initial rows: 188,247
        - Final rows: 188,247
        - Removed: 0 (0.0%)
        - Processing time: 0.50 seconds
        
2025-08-25 13:01:43,937 - WARNING - Data quality issues: Found 42 trips longer than 8 hours
2025-08-25 13:01:43,938 - INFO - Loading raw trip data to PostgreSQL...
2025-08-25 13:01:56,793 - INFO -   Loaded 50,000/188,247 rows...
2025-08-25 13:02:10,810 - INFO -   Loaded 100,000/188,247 rows...
2025-08-25 13:02:24,439 - INFO -   Loaded 150,000/188,247 rows...
2025-08-25 13:02:34,842 - INFO -   Loaded 188,247/188,247 rows...
2025-08-25 13:02:34,842 - INFO - Creating hourly flow aggregations...
2025-08-25 13:02:34,843 - INFO - Starting hourly aggregation...
2025-08-25 13:02:35,051 - INFO - Created 46,063 hourly flow records
2025-08-25 13:02:44,371 - INFO -   [SUCCESS] Successfully processed tpss_bcycl_od_statnhm_20250817.csv
2025-08-25 13:02:44,372 - INFO - 
[18/19] Processing tpss_bcycl_od_statnhm_20250818.csv...
2025-08-25 13:02:44,372 - INFO - 
============================================================
2025-08-25 13:02:44,373 - INFO - Processing: tpss_bcycl_od_statnhm_20250818.csv
2025-08-25 13:02:44,374 - INFO - ============================================================
2025-08-25 13:02:45,296 - INFO - 
        Cleaning complete for 2025-08-18:
        - Initial rows: 206,705
        - Final rows: 206,705
        - Removed: 0 (0.0%)
        - Processing time: 0.59 seconds
        
2025-08-25 13:02:45,361 - WARNING - Data quality issues: Found 27 trips longer than 8 hours
2025-08-25 13:02:45,361 - INFO - Loading raw trip data to PostgreSQL...
2025-08-25 13:02:59,322 - INFO -   Loaded 50,000/206,705 rows...
2025-08-25 13:03:14,990 - INFO -   Loaded 100,000/206,705 rows...
2025-08-25 13:03:29,281 - INFO -   Loaded 150,000/206,705 rows...
2025-08-25 13:03:43,507 - INFO -   Loaded 200,000/206,705 rows...
2025-08-25 13:03:45,631 - INFO -   Loaded 206,705/206,705 rows...
2025-08-25 13:03:45,632 - INFO - Creating hourly flow aggregations...
2025-08-25 13:03:45,632 - INFO - Starting hourly aggregation...
2025-08-25 13:03:45,850 - INFO - Created 44,350 hourly flow records
2025-08-25 13:03:54,710 - INFO -   [SUCCESS] Successfully processed tpss_bcycl_od_statnhm_20250818.csv
2025-08-25 13:03:54,710 - INFO - 
[19/19] Processing tpss_bcycl_od_statnhm_20250819.csv...
2025-08-25 13:03:54,710 - INFO - 
============================================================
2025-08-25 13:03:54,711 - INFO - Processing: tpss_bcycl_od_statnhm_20250819.csv
2025-08-25 13:03:54,711 - INFO - ============================================================
2025-08-25 13:03:55,930 - INFO - 
        Cleaning complete for 2025-08-19:
        - Initial rows: 263,222
        - Final rows: 263,222
        - Removed: 0 (0.0%)
        - Processing time: 0.80 seconds
        
2025-08-25 13:03:56,015 - WARNING - Data quality issues: Found 30 trips longer than 8 hours
2025-08-25 13:03:56,015 - INFO - Loading raw trip data to PostgreSQL...
2025-08-25 13:04:08,548 - INFO -   Loaded 50,000/263,222 rows...
2025-08-25 13:04:20,965 - INFO -   Loaded 100,000/263,222 rows...
2025-08-25 13:04:34,863 - INFO -   Loaded 150,000/263,222 rows...
2025-08-25 13:04:47,117 - INFO -   Loaded 200,000/263,222 rows...
2025-08-25 13:04:59,361 - INFO -   Loaded 250,000/263,222 rows...
2025-08-25 13:05:02,484 - INFO -   Loaded 263,222/263,222 rows...
2025-08-25 13:05:02,484 - INFO - Creating hourly flow aggregations...
2025-08-25 13:05:02,485 - INFO - Starting hourly aggregation...
2025-08-25 13:05:02,756 - INFO - Created 47,948 hourly flow records
2025-08-25 13:05:11,311 - INFO -   [SUCCESS] Successfully processed tpss_bcycl_od_statnhm_20250819.csv
2025-08-25 13:05:11,312 - INFO - 
6. net_flow values are auto-calculated (GENERATED column)
2025-08-25 13:05:11,312 - INFO - 
7. Verifying processed data...
2025-08-25 13:05:13,952 - INFO - 
============================================================
2025-08-25 13:05:13,952 - INFO - AUGUST 2025 DATA STATISTICS
2025-08-25 13:05:13,953 - INFO - ============================================================
2025-08-25 13:05:13,953 - INFO - Total records:     843,770
2025-08-25 13:05:13,954 - INFO - Unique stations:   2,756
2025-08-25 13:05:13,954 - INFO - Days covered:      19
2025-08-25 13:05:13,954 - INFO - Date range:        2025-08-01 to 2025-08-19
2025-08-25 13:05:13,954 - INFO - Total departures:  2,044,509
2025-08-25 13:05:13,955 - INFO - Total arrivals:    2,044,509
2025-08-25 13:05:13,955 - INFO - Avg net flow:      0.00
2025-08-25 13:05:13,955 - INFO - Null net_flow:     0
2025-08-25 13:05:13,955 - INFO - 
============================================================
2025-08-25 13:05:13,956 - INFO - [COMPLETE] PROCESSING COMPLETE
2025-08-25 13:05:13,956 - INFO - ============================================================
2025-08-25 13:05:13,956 - INFO - Successfully processed: 19/19 files
2025-08-25 13:05:13,956 - INFO - 
8. Data quality check...
2025-08-25 13:05:15,705 - INFO - 
Daily summary (Aug 13-19):
2025-08-25 13:05:15,706 - INFO -   2025-08-13: 24,026 records, 2666 stations, net_flow avg: 0.0
2025-08-25 13:05:15,706 - INFO -   2025-08-14: 35,247 records, 2721 stations, net_flow avg: 0.0
2025-08-25 13:05:15,707 - INFO -   2025-08-15: 44,078 records, 2727 stations, net_flow avg: 0.0
2025-08-25 13:05:15,707 - INFO -   2025-08-16: 46,513 records, 2735 stations, net_flow avg: 0.0
2025-08-25 13:05:15,708 - INFO -   2025-08-17: 46,063 records, 2733 stations, net_flow avg: 0.0
2025-08-25 13:05:15,708 - INFO -   2025-08-18: 44,350 records, 2734 stations, net_flow avg: 0.0
2025-08-25 13:05:15,708 - INFO -   2025-08-19: 47,948 records, 2743 stations, net_flow avg: 0.0
2025-08-25 13:05:15,708 - INFO - 
[READY] August data ready for predictions!
2025-08-25 13:05:15,709 - INFO - Next steps:
2025-08-25 13:05:15,709 - INFO - 1. Restart the prediction API: cd realtime_prediction && python main.py
2025-08-25 13:05:15,709 - INFO - 2. Test XGBoost predictions: GET http://localhost:8000/predict/all
2025-08-25 13:05:15,709 - INFO - 3. Verify net_flow values are not 0
