2025-08-25 12:43:17,869 - BikeDataCleaner - INFO - 
============================================================
2025-08-25 12:43:17,869 - BikeDataCleaner - INFO - Processing: tpss_bcycl_od_statnhm_20250801.csv
2025-08-25 12:43:17,869 - BikeDataCleaner - INFO - ============================================================
2025-08-25 12:43:18,960 - BikeDataCleaner - INFO - 
        Cleaning complete for 2025-08-01:
        - Initial rows: 235,148
        - Final rows: 235,148
        - Removed: 0 (0.0%)
        - Processing time: 0.70 seconds
        
2025-08-25 12:43:19,031 - BikeDataCleaner - WARNING - Data quality issues: Found 28 trips longer than 8 hours
2025-08-25 12:43:19,032 - BikeDataCleaner - INFO - Loading raw trip data to PostgreSQL...
2025-08-25 12:43:32,441 - BikeDataCleaner - INFO -   Loaded 50,000/235,148 rows...
2025-08-25 12:43:45,162 - BikeDataCleaner - INFO -   Loaded 100,000/235,148 rows...
2025-08-25 12:43:57,514 - BikeDataCleaner - INFO -   Loaded 150,000/235,148 rows...
2025-08-25 12:44:10,159 - BikeDataCleaner - INFO -   Loaded 200,000/235,148 rows...
2025-08-25 12:44:19,152 - BikeDataCleaner - INFO -   Loaded 235,148/235,148 rows...
2025-08-25 12:44:19,153 - BikeDataCleaner - INFO - Creating hourly flow aggregations...
2025-08-25 12:44:19,153 - BikeDataCleaner - INFO - Starting hourly aggregation...
2025-08-25 12:44:19,440 - BikeDataCleaner - INFO - Created 48,039 hourly flow records
2025-08-25 12:44:30,120 - BikeDataCleaner - INFO - 
============================================================
2025-08-25 12:44:30,121 - BikeDataCleaner - INFO - Processing: tpss_bcycl_od_statnhm_20250802.csv
2025-08-25 12:44:30,121 - BikeDataCleaner - INFO - ============================================================
2025-08-25 12:44:30,864 - BikeDataCleaner - INFO - 
        Cleaning complete for 2025-08-02:
        - Initial rows: 175,977
        - Final rows: 175,977
        - Removed: 0 (0.0%)
        - Processing time: 0.47 seconds
        
2025-08-25 12:44:30,915 - BikeDataCleaner - WARNING - Data quality issues: Found 27 trips longer than 8 hours
2025-08-25 12:44:30,916 - BikeDataCleaner - INFO - Loading raw trip data to PostgreSQL...
2025-08-25 12:44:43,449 - BikeDataCleaner - INFO -   Loaded 50,000/175,977 rows...
2025-08-25 12:44:56,723 - BikeDataCleaner - INFO -   Loaded 100,000/175,977 rows...
2025-08-25 12:45:10,041 - BikeDataCleaner - INFO -   Loaded 150,000/175,977 rows...
2025-08-25 12:45:16,346 - BikeDataCleaner - INFO -   Loaded 175,977/175,977 rows...
2025-08-25 12:45:16,346 - BikeDataCleaner - INFO - Creating hourly flow aggregations...
2025-08-25 12:45:16,347 - BikeDataCleaner - INFO - Starting hourly aggregation...
2025-08-25 12:45:16,544 - BikeDataCleaner - INFO - Created 46,038 hourly flow records
2025-08-25 12:45:25,706 - BikeDataCleaner - INFO - 
============================================================
2025-08-25 12:45:25,706 - BikeDataCleaner - INFO - Processing: tpss_bcycl_od_statnhm_20250803.csv
2025-08-25 12:45:25,707 - BikeDataCleaner - INFO - ============================================================
2025-08-25 12:45:26,273 - BikeDataCleaner - INFO - 
        Cleaning complete for 2025-08-03:
        - Initial rows: 132,438
        - Final rows: 132,438
        - Removed: 0 (0.0%)
        - Processing time: 0.36 seconds
        
2025-08-25 12:45:26,311 - BikeDataCleaner - WARNING - Data quality issues: Found 40 trips longer than 8 hours
2025-08-25 12:45:26,312 - BikeDataCleaner - INFO - Loading raw trip data to PostgreSQL...
2025-08-25 12:45:39,366 - BikeDataCleaner - INFO -   Loaded 50,000/132,438 rows...
2025-08-25 12:45:52,153 - BikeDataCleaner - INFO -   Loaded 100,000/132,438 rows...
2025-08-25 12:46:00,027 - BikeDataCleaner - INFO -   Loaded 132,438/132,438 rows...
2025-08-25 12:46:00,027 - BikeDataCleaner - INFO - Creating hourly flow aggregations...
2025-08-25 12:46:00,028 - BikeDataCleaner - INFO - Starting hourly aggregation...
2025-08-25 12:46:00,206 - BikeDataCleaner - INFO - Created 41,190 hourly flow records
2025-08-25 12:46:07,450 - BikeDataCleaner - INFO - 
============================================================
2025-08-25 12:46:07,450 - BikeDataCleaner - INFO - Processing: tpss_bcycl_od_statnhm_20250804.csv
2025-08-25 12:46:07,450 - BikeDataCleaner - INFO - ============================================================
2025-08-25 12:46:08,390 - BikeDataCleaner - INFO - 
        Cleaning complete for 2025-08-04:
        - Initial rows: 227,872
        - Final rows: 227,872
        - Removed: 0 (0.0%)
        - Processing time: 0.61 seconds
        
2025-08-25 12:46:08,457 - BikeDataCleaner - WARNING - Data quality issues: Found 25 trips longer than 8 hours
2025-08-25 12:46:08,457 - BikeDataCleaner - INFO - Loading raw trip data to PostgreSQL...
2025-08-25 12:46:21,011 - BikeDataCleaner - INFO -   Loaded 50,000/227,872 rows...
2025-08-25 12:46:34,091 - BikeDataCleaner - INFO -   Loaded 100,000/227,872 rows...
2025-08-25 12:46:47,562 - BikeDataCleaner - INFO -   Loaded 150,000/227,872 rows...
2025-08-25 12:47:00,253 - BikeDataCleaner - INFO -   Loaded 200,000/227,872 rows...
2025-08-25 12:47:06,957 - BikeDataCleaner - INFO -   Loaded 227,872/227,872 rows...
2025-08-25 12:47:06,958 - BikeDataCleaner - INFO - Creating hourly flow aggregations...
2025-08-25 12:47:06,958 - BikeDataCleaner - INFO - Starting hourly aggregation...
2025-08-25 12:47:07,171 - BikeDataCleaner - INFO - Created 43,666 hourly flow records
2025-08-25 12:47:14,816 - BikeDataCleaner - INFO - 
============================================================
2025-08-25 12:47:14,816 - BikeDataCleaner - INFO - Processing: tpss_bcycl_od_statnhm_20250805.csv
2025-08-25 12:47:14,817 - BikeDataCleaner - INFO - ============================================================
2025-08-25 12:47:15,929 - BikeDataCleaner - INFO - 
        Cleaning complete for 2025-08-05:
        - Initial rows: 259,264
        - Final rows: 259,264
        - Removed: 0 (0.0%)
        - Processing time: 0.72 seconds
        
2025-08-25 12:47:16,017 - BikeDataCleaner - WARNING - Data quality issues: Found 33 trips longer than 8 hours
2025-08-25 12:47:16,018 - BikeDataCleaner - INFO - Loading raw trip data to PostgreSQL...
2025-08-25 12:47:29,186 - BikeDataCleaner - INFO -   Loaded 50,000/259,264 rows...
2025-08-25 12:47:42,481 - BikeDataCleaner - INFO -   Loaded 100,000/259,264 rows...
2025-08-25 12:47:55,700 - BikeDataCleaner - INFO -   Loaded 150,000/259,264 rows...
2025-08-25 12:48:08,704 - BikeDataCleaner - INFO -   Loaded 200,000/259,264 rows...
2025-08-25 12:48:21,431 - BikeDataCleaner - INFO -   Loaded 250,000/259,264 rows...
2025-08-25 12:48:23,613 - BikeDataCleaner - INFO -   Loaded 259,264/259,264 rows...
2025-08-25 12:48:23,614 - BikeDataCleaner - INFO - Creating hourly flow aggregations...
2025-08-25 12:48:23,614 - BikeDataCleaner - INFO - Starting hourly aggregation...
2025-08-25 12:48:23,911 - BikeDataCleaner - INFO - Created 48,872 hourly flow records
2025-08-25 12:48:33,618 - BikeDataCleaner - INFO - 
============================================================
2025-08-25 12:48:33,618 - BikeDataCleaner - INFO - Processing: tpss_bcycl_od_statnhm_20250806.csv
2025-08-25 12:48:33,618 - BikeDataCleaner - INFO - ============================================================
2025-08-25 12:48:34,289 - BikeDataCleaner - INFO - 
        Cleaning complete for 2025-08-06:
        - Initial rows: 160,991
        - Final rows: 160,991
        - Removed: 0 (0.0%)
        - Processing time: 0.44 seconds
        
2025-08-25 12:48:34,337 - BikeDataCleaner - WARNING - Data quality issues: Found 30 trips longer than 8 hours
2025-08-25 12:48:34,337 - BikeDataCleaner - INFO - Loading raw trip data to PostgreSQL...
2025-08-25 12:48:47,713 - BikeDataCleaner - INFO -   Loaded 50,000/160,991 rows...
2025-08-25 12:49:00,202 - BikeDataCleaner - INFO -   Loaded 100,000/160,991 rows...
2025-08-25 12:49:30,543 - BikeDataCleaner - INFO -   Loaded 150,000/160,991 rows...
2025-08-25 12:49:36,876 - BikeDataCleaner - INFO -   Loaded 160,991/160,991 rows...
2025-08-25 12:49:36,877 - BikeDataCleaner - INFO - Creating hourly flow aggregations...
2025-08-25 12:49:36,877 - BikeDataCleaner - INFO - Starting hourly aggregation...
2025-08-25 12:49:37,296 - BikeDataCleaner - INFO - Created 39,717 hourly flow records
2025-08-25 12:49:53,663 - BikeDataCleaner - INFO - 
============================================================
2025-08-25 12:49:53,663 - BikeDataCleaner - INFO - Processing: tpss_bcycl_od_statnhm_20250807.csv
2025-08-25 12:49:53,664 - BikeDataCleaner - INFO - ============================================================
2025-08-25 12:49:56,013 - BikeDataCleaner - INFO - 
        Cleaning complete for 2025-08-07:
        - Initial rows: 258,856
        - Final rows: 258,856
        - Removed: 0 (0.0%)
        - Processing time: 1.57 seconds
        
2025-08-25 12:49:56,184 - BikeDataCleaner - WARNING - Data quality issues: Found 47 trips longer than 8 hours
2025-08-25 12:49:56,185 - BikeDataCleaner - INFO - Loading raw trip data to PostgreSQL...
2025-08-25 12:50:24,312 - BikeDataCleaner - INFO -   Loaded 50,000/258,856 rows...
2025-08-25 12:50:52,698 - BikeDataCleaner - INFO -   Loaded 100,000/258,856 rows...
2025-08-25 12:51:16,364 - BikeDataCleaner - INFO -   Loaded 150,000/258,856 rows...
2025-08-25 12:51:36,005 - BikeDataCleaner - INFO -   Loaded 200,000/258,856 rows...
2025-08-25 12:51:56,152 - BikeDataCleaner - INFO -   Loaded 250,000/258,856 rows...
2025-08-25 12:51:59,833 - BikeDataCleaner - INFO -   Loaded 258,856/258,856 rows...
2025-08-25 12:51:59,833 - BikeDataCleaner - INFO - Creating hourly flow aggregations...
2025-08-25 12:51:59,834 - BikeDataCleaner - INFO - Starting hourly aggregation...
2025-08-25 12:52:00,263 - BikeDataCleaner - INFO - Created 48,703 hourly flow records
2025-08-25 12:52:12,917 - BikeDataCleaner - INFO - 
============================================================
2025-08-25 12:52:12,918 - BikeDataCleaner - INFO - Processing: tpss_bcycl_od_statnhm_20250808.csv
2025-08-25 12:52:12,918 - BikeDataCleaner - INFO - ============================================================
2025-08-25 12:52:14,856 - BikeDataCleaner - INFO - 
        Cleaning complete for 2025-08-08:
        - Initial rows: 264,982
        - Final rows: 264,982
        - Removed: 0 (0.0%)
        - Processing time: 1.32 seconds
        
2025-08-25 12:52:14,990 - BikeDataCleaner - WARNING - Data quality issues: Found 29 trips longer than 8 hours
2025-08-25 12:52:14,991 - BikeDataCleaner - INFO - Loading raw trip data to PostgreSQL...
2025-08-25 12:52:34,596 - BikeDataCleaner - INFO -   Loaded 50,000/264,982 rows...
2025-08-25 12:52:52,339 - BikeDataCleaner - INFO -   Loaded 100,000/264,982 rows...
2025-08-25 12:53:07,606 - BikeDataCleaner - INFO -   Loaded 150,000/264,982 rows...
2025-08-25 12:53:20,410 - BikeDataCleaner - INFO -   Loaded 200,000/264,982 rows...
2025-08-25 12:53:33,793 - BikeDataCleaner - INFO -   Loaded 250,000/264,982 rows...
2025-08-25 12:53:37,542 - BikeDataCleaner - INFO -   Loaded 264,982/264,982 rows...
2025-08-25 12:53:37,542 - BikeDataCleaner - INFO - Creating hourly flow aggregations...
2025-08-25 12:53:37,543 - BikeDataCleaner - INFO - Starting hourly aggregation...
2025-08-25 12:53:37,817 - BikeDataCleaner - INFO - Created 49,422 hourly flow records
2025-08-25 12:53:46,874 - BikeDataCleaner - INFO - 
============================================================
2025-08-25 12:53:46,875 - BikeDataCleaner - INFO - Processing: tpss_bcycl_od_statnhm_20250809.csv
2025-08-25 12:53:46,875 - BikeDataCleaner - INFO - ============================================================
2025-08-25 12:53:47,638 - BikeDataCleaner - INFO - 
        Cleaning complete for 2025-08-09:
        - Initial rows: 180,655
        - Final rows: 180,655
        - Removed: 0 (0.0%)
        - Processing time: 0.49 seconds
        
2025-08-25 12:53:47,690 - BikeDataCleaner - WARNING - Data quality issues: Found 42 trips longer than 8 hours
2025-08-25 12:53:47,691 - BikeDataCleaner - INFO - Loading raw trip data to PostgreSQL...
2025-08-25 12:54:00,364 - BikeDataCleaner - INFO -   Loaded 50,000/180,655 rows...
2025-08-25 12:54:13,485 - BikeDataCleaner - INFO -   Loaded 100,000/180,655 rows...
2025-08-25 12:54:26,820 - BikeDataCleaner - INFO -   Loaded 150,000/180,655 rows...
2025-08-25 12:54:34,360 - BikeDataCleaner - INFO -   Loaded 180,655/180,655 rows...
2025-08-25 12:54:34,361 - BikeDataCleaner - INFO - Creating hourly flow aggregations...
2025-08-25 12:54:34,361 - BikeDataCleaner - INFO - Starting hourly aggregation...
2025-08-25 12:54:34,554 - BikeDataCleaner - INFO - Created 45,279 hourly flow records
2025-08-25 12:54:43,286 - BikeDataCleaner - INFO - 
============================================================
2025-08-25 12:54:43,286 - BikeDataCleaner - INFO - Processing: tpss_bcycl_od_statnhm_20250810.csv
2025-08-25 12:54:43,287 - BikeDataCleaner - INFO - ============================================================
2025-08-25 12:54:44,101 - BikeDataCleaner - INFO - 
        Cleaning complete for 2025-08-10:
        - Initial rows: 191,017
        - Final rows: 191,017
        - Removed: 0 (0.0%)
        - Processing time: 0.53 seconds
        
2025-08-25 12:54:44,154 - BikeDataCleaner - WARNING - Data quality issues: Found 70 trips longer than 8 hours
2025-08-25 12:54:44,155 - BikeDataCleaner - INFO - Loading raw trip data to PostgreSQL...
2025-08-25 12:54:57,053 - BikeDataCleaner - INFO -   Loaded 50,000/191,017 rows...
2025-08-25 12:55:10,706 - BikeDataCleaner - INFO -   Loaded 100,000/191,017 rows...
2025-08-25 12:55:23,964 - BikeDataCleaner - INFO -   Loaded 150,000/191,017 rows...
2025-08-25 12:55:34,569 - BikeDataCleaner - INFO -   Loaded 191,017/191,017 rows...
2025-08-25 12:55:34,569 - BikeDataCleaner - INFO - Creating hourly flow aggregations...
2025-08-25 12:55:34,570 - BikeDataCleaner - INFO - Starting hourly aggregation...
2025-08-25 12:55:34,777 - BikeDataCleaner - INFO - Created 46,306 hourly flow records
2025-08-25 12:55:43,513 - BikeDataCleaner - INFO - 
============================================================
2025-08-25 12:55:43,513 - BikeDataCleaner - INFO - Processing: tpss_bcycl_od_statnhm_20250811.csv
2025-08-25 12:55:43,513 - BikeDataCleaner - INFO - ============================================================
2025-08-25 12:55:44,673 - BikeDataCleaner - INFO - 
        Cleaning complete for 2025-08-11:
        - Initial rows: 277,296
        - Final rows: 277,296
        - Removed: 0 (0.0%)
        - Processing time: 0.77 seconds
        
2025-08-25 12:55:44,753 - BikeDataCleaner - WARNING - Data quality issues: Found 28 trips longer than 8 hours
2025-08-25 12:55:44,754 - BikeDataCleaner - INFO - Loading raw trip data to PostgreSQL...
2025-08-25 12:55:57,583 - BikeDataCleaner - INFO -   Loaded 50,000/277,296 rows...
2025-08-25 12:56:10,729 - BikeDataCleaner - INFO -   Loaded 100,000/277,296 rows...
2025-08-25 12:56:23,986 - BikeDataCleaner - INFO -   Loaded 150,000/277,296 rows...
2025-08-25 12:56:37,281 - BikeDataCleaner - INFO -   Loaded 200,000/277,296 rows...
2025-08-25 12:56:52,761 - BikeDataCleaner - INFO -   Loaded 250,000/277,296 rows...
2025-08-25 12:57:01,740 - BikeDataCleaner - INFO -   Loaded 277,296/277,296 rows...
2025-08-25 12:57:01,741 - BikeDataCleaner - INFO - Creating hourly flow aggregations...
2025-08-25 12:57:01,741 - BikeDataCleaner - INFO - Starting hourly aggregation...
2025-08-25 12:57:02,061 - BikeDataCleaner - INFO - Created 48,897 hourly flow records
2025-08-25 12:57:13,745 - BikeDataCleaner - INFO - 
============================================================
2025-08-25 12:57:13,745 - BikeDataCleaner - INFO - Processing: tpss_bcycl_od_statnhm_20250812.csv
2025-08-25 12:57:13,746 - BikeDataCleaner - INFO - ============================================================
2025-08-25 12:57:15,286 - BikeDataCleaner - INFO - 
        Cleaning complete for 2025-08-12:
        - Initial rows: 277,956
        - Final rows: 277,956
        - Removed: 0 (0.0%)
        - Processing time: 1.03 seconds
        
2025-08-25 12:57:15,392 - BikeDataCleaner - WARNING - Data quality issues: Found 30 trips longer than 8 hours
2025-08-25 12:57:15,393 - BikeDataCleaner - INFO - Loading raw trip data to PostgreSQL...
2025-08-25 12:57:32,625 - BikeDataCleaner - INFO -   Loaded 50,000/277,956 rows...
2025-08-25 12:57:47,159 - BikeDataCleaner - INFO -   Loaded 100,000/277,956 rows...
2025-08-25 12:58:00,723 - BikeDataCleaner - INFO -   Loaded 150,000/277,956 rows...
2025-08-25 12:58:13,361 - BikeDataCleaner - INFO -   Loaded 200,000/277,956 rows...
2025-08-25 12:58:26,114 - BikeDataCleaner - INFO -   Loaded 250,000/277,956 rows...
2025-08-25 12:58:33,589 - BikeDataCleaner - INFO -   Loaded 277,956/277,956 rows...
2025-08-25 12:58:33,589 - BikeDataCleaner - INFO - Creating hourly flow aggregations...
2025-08-25 12:58:33,590 - BikeDataCleaner - INFO - Starting hourly aggregation...
2025-08-25 12:58:33,844 - BikeDataCleaner - INFO - Created 49,416 hourly flow records
2025-08-25 12:58:43,198 - BikeDataCleaner - INFO - 
============================================================
2025-08-25 12:58:43,198 - BikeDataCleaner - INFO - Processing: tpss_bcycl_od_statnhm_20250813.csv
2025-08-25 12:58:43,198 - BikeDataCleaner - INFO - ============================================================
2025-08-25 12:58:43,436 - BikeDataCleaner - INFO - 
        Cleaning complete for 2025-08-13:
        - Initial rows: 50,131
        - Final rows: 50,131
        - Removed: 0 (0.0%)
        - Processing time: 0.15 seconds
        
2025-08-25 12:58:43,464 - BikeDataCleaner - WARNING - Data quality issues: Found 10 trips longer than 8 hours
2025-08-25 12:58:43,465 - BikeDataCleaner - INFO - Loading raw trip data to PostgreSQL...
2025-08-25 12:58:56,408 - BikeDataCleaner - INFO -   Loaded 50,000/50,131 rows...
2025-08-25 12:58:56,446 - BikeDataCleaner - INFO -   Loaded 50,131/50,131 rows...
2025-08-25 12:58:56,446 - BikeDataCleaner - INFO - Creating hourly flow aggregations...
2025-08-25 12:58:56,447 - BikeDataCleaner - INFO - Starting hourly aggregation...
2025-08-25 12:58:56,531 - BikeDataCleaner - INFO - Created 24,026 hourly flow records
2025-08-25 12:59:00,577 - BikeDataCleaner - INFO - 
============================================================
2025-08-25 12:59:00,577 - BikeDataCleaner - INFO - Processing: tpss_bcycl_od_statnhm_20250814.csv
2025-08-25 12:59:00,577 - BikeDataCleaner - INFO - ============================================================
2025-08-25 12:59:01,199 - BikeDataCleaner - INFO - 
        Cleaning complete for 2025-08-14:
        - Initial rows: 150,508
        - Final rows: 150,508
        - Removed: 0 (0.0%)
        - Processing time: 0.40 seconds
        
2025-08-25 12:59:01,244 - BikeDataCleaner - WARNING - Data quality issues: Found 6 trips longer than 8 hours
2025-08-25 12:59:01,245 - BikeDataCleaner - INFO - Loading raw trip data to PostgreSQL...
2025-08-25 12:59:14,388 - BikeDataCleaner - INFO -   Loaded 50,000/150,508 rows...
2025-08-25 12:59:27,429 - BikeDataCleaner - INFO -   Loaded 100,000/150,508 rows...
2025-08-25 12:59:40,297 - BikeDataCleaner - INFO -   Loaded 150,000/150,508 rows...
2025-08-25 12:59:40,423 - BikeDataCleaner - INFO -   Loaded 150,508/150,508 rows...
2025-08-25 12:59:40,423 - BikeDataCleaner - INFO - Creating hourly flow aggregations...
2025-08-25 12:59:40,424 - BikeDataCleaner - INFO - Starting hourly aggregation...
2025-08-25 12:59:40,585 - BikeDataCleaner - INFO - Created 35,247 hourly flow records
2025-08-25 12:59:48,365 - BikeDataCleaner - INFO - 
============================================================
2025-08-25 12:59:48,366 - BikeDataCleaner - INFO - Processing: tpss_bcycl_od_statnhm_20250815.csv
2025-08-25 12:59:48,366 - BikeDataCleaner - INFO - ============================================================
2025-08-25 12:59:49,042 - BikeDataCleaner - INFO - 
        Cleaning complete for 2025-08-15:
        - Initial rows: 163,918
        - Final rows: 163,918
        - Removed: 0 (0.0%)
        - Processing time: 0.44 seconds
        
2025-08-25 12:59:49,090 - BikeDataCleaner - WARNING - Data quality issues: Found 49 trips longer than 8 hours
2025-08-25 12:59:49,091 - BikeDataCleaner - INFO - Loading raw trip data to PostgreSQL...
2025-08-25 13:00:01,671 - BikeDataCleaner - INFO -   Loaded 50,000/163,918 rows...
2025-08-25 13:00:15,549 - BikeDataCleaner - INFO -   Loaded 100,000/163,918 rows...
2025-08-25 13:00:28,855 - BikeDataCleaner - INFO -   Loaded 150,000/163,918 rows...
2025-08-25 13:00:32,135 - BikeDataCleaner - INFO -   Loaded 163,918/163,918 rows...
2025-08-25 13:00:32,136 - BikeDataCleaner - INFO - Creating hourly flow aggregations...
2025-08-25 13:00:32,136 - BikeDataCleaner - INFO - Starting hourly aggregation...
2025-08-25 13:00:32,312 - BikeDataCleaner - INFO - Created 44,078 hourly flow records
2025-08-25 13:00:40,016 - BikeDataCleaner - INFO - 
============================================================
2025-08-25 13:00:40,016 - BikeDataCleaner - INFO - Processing: tpss_bcycl_od_statnhm_20250816.csv
2025-08-25 13:00:40,017 - BikeDataCleaner - INFO - ============================================================
2025-08-25 13:00:40,887 - BikeDataCleaner - INFO - 
        Cleaning complete for 2025-08-16:
        - Initial rows: 195,677
        - Final rows: 195,677
        - Removed: 0 (0.0%)
        - Processing time: 0.58 seconds
        
2025-08-25 13:00:40,945 - BikeDataCleaner - WARNING - Data quality issues: Found 38 trips longer than 8 hours
2025-08-25 13:00:40,945 - BikeDataCleaner - INFO - Loading raw trip data to PostgreSQL...
2025-08-25 13:00:55,258 - BikeDataCleaner - INFO -   Loaded 50,000/195,677 rows...
2025-08-25 13:01:08,702 - BikeDataCleaner - INFO -   Loaded 100,000/195,677 rows...
2025-08-25 13:01:21,680 - BikeDataCleaner - INFO -   Loaded 150,000/195,677 rows...
2025-08-25 13:01:34,148 - BikeDataCleaner - INFO -   Loaded 195,677/195,677 rows...
2025-08-25 13:01:34,148 - BikeDataCleaner - INFO - Creating hourly flow aggregations...
2025-08-25 13:01:34,149 - BikeDataCleaner - INFO - Starting hourly aggregation...
2025-08-25 13:01:34,371 - BikeDataCleaner - INFO - Created 46,513 hourly flow records
2025-08-25 13:01:43,116 - BikeDataCleaner - INFO - 
============================================================
2025-08-25 13:01:43,117 - BikeDataCleaner - INFO - Processing: tpss_bcycl_od_statnhm_20250817.csv
2025-08-25 13:01:43,117 - BikeDataCleaner - INFO - ============================================================
2025-08-25 13:01:43,885 - BikeDataCleaner - INFO - 
        Cleaning complete for 2025-08-17:
        - Initial rows: 188,247
        - Final rows: 188,247
        - Removed: 0 (0.0%)
        - Processing time: 0.50 seconds
        
2025-08-25 13:01:43,937 - BikeDataCleaner - WARNING - Data quality issues: Found 42 trips longer than 8 hours
2025-08-25 13:01:43,938 - BikeDataCleaner - INFO - Loading raw trip data to PostgreSQL...
2025-08-25 13:01:56,793 - BikeDataCleaner - INFO -   Loaded 50,000/188,247 rows...
2025-08-25 13:02:10,810 - BikeDataCleaner - INFO -   Loaded 100,000/188,247 rows...
2025-08-25 13:02:24,439 - BikeDataCleaner - INFO -   Loaded 150,000/188,247 rows...
2025-08-25 13:02:34,842 - BikeDataCleaner - INFO -   Loaded 188,247/188,247 rows...
2025-08-25 13:02:34,842 - BikeDataCleaner - INFO - Creating hourly flow aggregations...
2025-08-25 13:02:34,843 - BikeDataCleaner - INFO - Starting hourly aggregation...
2025-08-25 13:02:35,051 - BikeDataCleaner - INFO - Created 46,063 hourly flow records
2025-08-25 13:02:44,372 - BikeDataCleaner - INFO - 
============================================================
2025-08-25 13:02:44,373 - BikeDataCleaner - INFO - Processing: tpss_bcycl_od_statnhm_20250818.csv
2025-08-25 13:02:44,374 - BikeDataCleaner - INFO - ============================================================
2025-08-25 13:02:45,296 - BikeDataCleaner - INFO - 
        Cleaning complete for 2025-08-18:
        - Initial rows: 206,705
        - Final rows: 206,705
        - Removed: 0 (0.0%)
        - Processing time: 0.59 seconds
        
2025-08-25 13:02:45,361 - BikeDataCleaner - WARNING - Data quality issues: Found 27 trips longer than 8 hours
2025-08-25 13:02:45,361 - BikeDataCleaner - INFO - Loading raw trip data to PostgreSQL...
2025-08-25 13:02:59,322 - BikeDataCleaner - INFO -   Loaded 50,000/206,705 rows...
2025-08-25 13:03:14,990 - BikeDataCleaner - INFO -   Loaded 100,000/206,705 rows...
2025-08-25 13:03:29,281 - BikeDataCleaner - INFO -   Loaded 150,000/206,705 rows...
2025-08-25 13:03:43,507 - BikeDataCleaner - INFO -   Loaded 200,000/206,705 rows...
2025-08-25 13:03:45,631 - BikeDataCleaner - INFO -   Loaded 206,705/206,705 rows...
2025-08-25 13:03:45,632 - BikeDataCleaner - INFO - Creating hourly flow aggregations...
2025-08-25 13:03:45,632 - BikeDataCleaner - INFO - Starting hourly aggregation...
2025-08-25 13:03:45,850 - BikeDataCleaner - INFO - Created 44,350 hourly flow records
2025-08-25 13:03:54,710 - BikeDataCleaner - INFO - 
============================================================
2025-08-25 13:03:54,711 - BikeDataCleaner - INFO - Processing: tpss_bcycl_od_statnhm_20250819.csv
2025-08-25 13:03:54,711 - BikeDataCleaner - INFO - ============================================================
2025-08-25 13:03:55,930 - BikeDataCleaner - INFO - 
        Cleaning complete for 2025-08-19:
        - Initial rows: 263,222
        - Final rows: 263,222
        - Removed: 0 (0.0%)
        - Processing time: 0.80 seconds
        
2025-08-25 13:03:56,015 - BikeDataCleaner - WARNING - Data quality issues: Found 30 trips longer than 8 hours
2025-08-25 13:03:56,015 - BikeDataCleaner - INFO - Loading raw trip data to PostgreSQL...
2025-08-25 13:04:08,548 - BikeDataCleaner - INFO -   Loaded 50,000/263,222 rows...
2025-08-25 13:04:20,965 - BikeDataCleaner - INFO -   Loaded 100,000/263,222 rows...
2025-08-25 13:04:34,863 - BikeDataCleaner - INFO -   Loaded 150,000/263,222 rows...
2025-08-25 13:04:47,117 - BikeDataCleaner - INFO -   Loaded 200,000/263,222 rows...
2025-08-25 13:04:59,361 - BikeDataCleaner - INFO -   Loaded 250,000/263,222 rows...
2025-08-25 13:05:02,484 - BikeDataCleaner - INFO -   Loaded 263,222/263,222 rows...
2025-08-25 13:05:02,484 - BikeDataCleaner - INFO - Creating hourly flow aggregations...
2025-08-25 13:05:02,485 - BikeDataCleaner - INFO - Starting hourly aggregation...
2025-08-25 13:05:02,756 - BikeDataCleaner - INFO - Created 47,948 hourly flow records
